<?xml version="1.0" encoding="UTF-8"?>
<testsuite name="mockito.ValidNumberTest" tests="10" skipped="0" failures="0" errors="0" timestamp="2020-06-06T16:57:07" hostname="MacBook-Pro-de-Alberto.local" time="0.056">
  <properties/>
  <testcase name="checkZeroStringTest()" classname="mockito.ValidNumberTest" time="0.002"/>
  <testcase name="doubleToIntTest()" classname="mockito.ValidNumberTest" time="0.003"/>
  <testcase name="checkZeroTest()" classname="mockito.ValidNumberTest" time="0.002"/>
  <testcase name="check0Test()" classname="mockito.ValidNumberTest" time="0.001"/>
  <testcase name="checkStringTest()" classname="mockito.ValidNumberTest" time="0.007"/>
  <testcase name="doubleToIntErrorTest()" classname="mockito.ValidNumberTest" time="0.002"/>
  <testcase name="checkTest()" classname="mockito.ValidNumberTest" time="0.001"/>
  <testcase name="checkZero0Test()" classname="mockito.ValidNumberTest" time="0.003"/>
  <testcase name="checkNegativeTest()" classname="mockito.ValidNumberTest" time="0.001"/>
  <testcase name="checkDoubleTest()" classname="mockito.ValidNumberTest" time="0.001"/>
  <system-out><![CDATA[]]></system-out>
  <system-err><![CDATA[]]></system-err>
</testsuite>
