<?xml version="1.0" encoding="UTF-8"?>
<testsuite name="junit5.CalculatorTest" tests="12" skipped="1" failures="0" errors="0" timestamp="2020-06-06T16:56:59" hostname="MacBook-Pro-de-Alberto.local" time="1.104">
  <properties/>
  <testcase name="divideByZero_InValidInput_ExpectedException_Test()" classname="junit5.CalculatorTest" time="0.005"/>
  <testcase name="divide_ValidInput_ValidExpected_Test()" classname="junit5.CalculatorTest" time="0.004"/>
  <testcase name="divide_NotValidInput_Zero_Test()" classname="junit5.CalculatorTest" time="0.003"/>
  <testcase name="calculatorNotNullTest()" classname="junit5.CalculatorTest" time="0.004"/>
  <testcase name="addTest()" classname="junit5.CalculatorTest" time="0.009"/>
  <testcase name="add_Assert_all_Test()" classname="junit5.CalculatorTest" time="0.04"/>
  <testcase name="divideByZeroTest()" classname="junit5.CalculatorTest" time="0.001">
    <skipped/>
  </testcase>
  <testcase name="timeOut_Test()" classname="junit5.CalculatorTest" time="1.01"/>
  <testcase name="necesitamos una instancia de calculator para que nuestra clase calculator funcione()" classname="junit5.CalculatorTest" time="0.002"/>
  <testcase name="assertTypesTest()" classname="junit5.CalculatorTest" time="0.005"/>
  <testcase name="divideByZero_ValidInput_ExpectedException_Name_Test()" classname="junit5.CalculatorTest" time="0.003"/>
  <testcase name="addAssertTest()" classname="junit5.CalculatorTest" time="0.002"/>
  <system-out><![CDATA[@BeforeAll -> beforeAll()
@BeforeEah -> setUp()
@AfterEach -> tearDown()
@BeforeEah -> setUp()
@Test -> divide_ValidInput_ValidExpected_Test()
@AfterEach -> tearDown()
@BeforeEah -> setUp()
@AfterEach -> tearDown()
@BeforeEah -> setUp()
@Test -> calculatorNotNullTest()
@AfterEach -> tearDown()
@BeforeEah -> setUp()
@Test -> addTest()
@AfterEach -> tearDown()
@BeforeEah -> setUp()
@AfterEach -> tearDown()
@BeforeEah -> setUp()
@AfterEach -> tearDown()
@BeforeEah -> setUp()
@Test -> necesitamos una instancia de calculator para()
@AfterEach -> tearDown()
@BeforeEah -> setUp()
@AfterEach -> tearDown()
@BeforeEah -> setUp()
@AfterEach -> tearDown()
@BeforeEah -> setUp()
@Test -> addAssertTest()
@AfterEach -> tearDown()
@AfterAll -> afterAll()
]]></system-out>
  <system-err><![CDATA[]]></system-err>
</testsuite>
