<?xml version="1.0" encoding="UTF-8"?>
<testsuite name="mockito.AddCreateMock2Test" tests="1" skipped="0" failures="0" errors="0" timestamp="2020-06-06T16:57:07" hostname="MacBook-Pro-de-Alberto.local" time="0.009">
  <properties/>
  <testcase name="addTest()" classname="mockito.AddCreateMock2Test" time="0.009"/>
  <system-out><![CDATA[]]></system-out>
  <system-err><![CDATA[]]></system-err>
</testsuite>
